<?xml version="1.0" encoding="UTF-8" ?>
<testsuite tests="8" failures="0" name="test.java.ScriptBuilderTest" time="0.024" errors="0" skipped="0">
  <properties>
[...]
</properties>
  <testcase classname="test.java.ScriptBuilderTest" name="testCleanInputString" time="0.024"/>
  <testcase classname="test.java.ScriptBuilderTest" name="testCleanInputString1" time="0"/>
  <testcase classname="test.java.ScriptBuilderTest" name="testCleanInputString2" time="0"/>
  <testcase classname="test.java.ScriptBuilderTest" name="testCleanInputString3" time="0"/>
  <testcase classname="test.java.ScriptBuilderTest" name="testCleanInputString4" time="0"/>
  <testcase classname="test.java.ScriptBuilderTest" name="testCleanInputString5" time="0"/>
  <testcase classname="test.java.ScriptBuilderTest" name="testCleanInputString6" time="0"/>
  <testcase classname="test.java.ScriptBuilderTest" name="testCleanInputString7" time="0"/>
</testsuite>